<?xml version="1.0" encoding="UTF-8"?>
<testsuite name="com.example.whatsapp.backend.BackendApplicationTests" tests="1" skipped="0" failures="0" errors="0" timestamp="2026-04-02T18:30:54.765Z" hostname="LAPTOP-SN76Q1P5" time="1.198">
  <properties/>
  <testcase name="registerAndLoginFlowWorks()" classname="com.example.whatsapp.backend.BackendApplicationTests" time="1.198"/>
  <system-out><![CDATA[00:00:46.806 [Test worker] INFO org.springframework.test.context.support.AnnotationConfigContextLoaderUtils -- Could not detect default configuration classes for test class [com.example.whatsapp.backend.BackendApplicationTests]: BackendApplicationTests does not declare any static, non-private, non-final, nested classes annotated with @Configuration.
00:00:46.976 [Test worker] INFO org.springframework.boot.test.context.SpringBootTestContextBootstrapper -- Found @SpringBootConfiguration com.example.whatsapp.backend.BackendApplication for test class com.example.whatsapp.backend.BackendApplicationTests

  .   ____          _            __ _ _
 /\\ / ___'_ __ _ _(_)_ __  __ _ \ \ \ \
( ( )\___ | '_ | '_| | '_ \/ _` | \ \ \ \
 \\/  ___)| |_)| | | | | || (_| |  ) ) ) )
  '  |____| .__|_| |_|_| |_\__, | / / / /
 =========|_|==============|___/=/_/_/_/

 :: Spring Boot ::                (v3.3.4)

2026-04-03T00:00:47.640+05:30  INFO 17704 --- [    Test worker] c.e.w.backend.BackendApplicationTests    : Starting BackendApplicationTests using Java 17.0.16 with PID 17704 (started by HP in D:\WhatsApp\backend)
2026-04-03T00:00:47.642+05:30  INFO 17704 --- [    Test worker] c.e.w.backend.BackendApplicationTests    : The following 1 profile is active: "test"
2026-04-03T00:00:48.970+05:30  INFO 17704 --- [    Test worker] .s.d.r.c.RepositoryConfigurationDelegate : Bootstrapping Spring Data JPA repositories in DEFAULT mode.
2026-04-03T00:00:49.057+05:30  INFO 17704 --- [    Test worker] .s.d.r.c.RepositoryConfigurationDelegate : Finished Spring Data repository scanning in 73 ms. Found 3 JPA repository interfaces.
2026-04-03T00:00:49.874+05:30  INFO 17704 --- [    Test worker] o.hibernate.jpa.internal.util.LogHelper  : HHH000204: Processing PersistenceUnitInfo [name: default]
2026-04-03T00:00:49.977+05:30  INFO 17704 --- [    Test worker] org.hibernate.Version                    : HHH000412: Hibernate ORM core version 6.5.3.Final
2026-04-03T00:00:50.054+05:30  INFO 17704 --- [    Test worker] o.h.c.internal.RegionFactoryInitiator    : HHH000026: Second-level cache disabled
2026-04-03T00:00:50.581+05:30  INFO 17704 --- [    Test worker] o.s.o.j.p.SpringPersistenceUnitInfo      : No LoadTimeWeaver setup: ignoring JPA class transformer
2026-04-03T00:00:50.623+05:30  INFO 17704 --- [    Test worker] com.zaxxer.hikari.HikariDataSource       : HikariPool-1 - Starting...
2026-04-03T00:00:50.819+05:30  INFO 17704 --- [    Test worker] com.zaxxer.hikari.pool.HikariPool        : HikariPool-1 - Added connection conn0: url=jdbc:h2:mem:testdb user=SA
2026-04-03T00:00:50.822+05:30  INFO 17704 --- [    Test worker] com.zaxxer.hikari.HikariDataSource       : HikariPool-1 - Start completed.
2026-04-03T00:00:51.954+05:30  INFO 17704 --- [    Test worker] o.h.e.t.j.p.i.JtaPlatformInitiator       : HHH000489: No JTA platform available (set 'hibernate.transaction.jta.platform' to enable JTA platform integration)
2026-04-03T00:00:52.005+05:30  INFO 17704 --- [    Test worker] j.LocalContainerEntityManagerFactoryBean : Initialized JPA EntityManagerFactory for persistence unit 'default'
2026-04-03T00:00:52.798+05:30  WARN 17704 --- [    Test worker] JpaBaseConfiguration$JpaWebConfiguration : spring.jpa.open-in-view is enabled by default. Therefore, database queries may be performed during view rendering. Explicitly configure spring.jpa.open-in-view to disable this warning
2026-04-03T00:00:52.851+05:30  WARN 17704 --- [    Test worker] .s.s.UserDetailsServiceAutoConfiguration : 

Using generated security password: 9d898d62-4637-4e3c-9f51-e5465d6704c3

This generated password is for development use only. Your security configuration must be updated before running your application in production.

2026-04-03T00:00:52.862+05:30  INFO 17704 --- [    Test worker] r$InitializeUserDetailsManagerConfigurer : Global AuthenticationManager configured with UserDetailsService bean with name inMemoryUserDetailsManager
2026-04-03T00:00:53.736+05:30  INFO 17704 --- [    Test worker] o.s.b.a.h2.H2ConsoleAutoConfiguration    : H2 console available at '/h2-console'. Database available at 'jdbc:h2:mem:testdb'
2026-04-03T00:00:53.951+05:30  INFO 17704 --- [    Test worker] o.s.b.t.m.w.SpringBootMockServletContext : Initializing Spring TestDispatcherServlet ''
2026-04-03T00:00:53.951+05:30  INFO 17704 --- [    Test worker] o.s.t.web.servlet.TestDispatcherServlet  : Initializing Servlet ''
2026-04-03T00:00:53.953+05:30  INFO 17704 --- [    Test worker] o.s.t.web.servlet.TestDispatcherServlet  : Completed initialization in 2 ms
2026-04-03T00:00:53.986+05:30  INFO 17704 --- [    Test worker] o.s.m.s.b.SimpleBrokerMessageHandler     : Starting...
2026-04-03T00:00:53.988+05:30  INFO 17704 --- [    Test worker] o.s.m.s.b.SimpleBrokerMessageHandler     : BrokerAvailabilityEvent[available=true, SimpleBrokerMessageHandler [org.springframework.messaging.simp.broker.DefaultSubscriptionRegistry@77c7d3f4]]
2026-04-03T00:00:53.990+05:30  INFO 17704 --- [    Test worker] o.s.m.s.b.SimpleBrokerMessageHandler     : Started.
2026-04-03T00:00:54.023+05:30  INFO 17704 --- [    Test worker] c.e.w.backend.BackendApplicationTests    : Started BackendApplicationTests in 6.847 seconds (process running for 8.545)
]]></system-out>
  <system-err><![CDATA[]]></system-err>
</testsuite>
